<?xml version="1.0" encoding="UTF-8"?>
<!-- Generated by org.testng.reporters.JUnitReportReporter -->
<testsuite hostname="SHRADDHA" name="ebaypackage.EbayCommonMethods" tests="1" failures="0" timestamp="4 Jun 2018 14:36:15 GMT" time="0.003" errors="0">
  <testcase name="f" time="0.003" classname="ebaypackage.EbayCommonMethods"/>
</testsuite> <!-- ebaypackage.EbayCommonMethods -->
