<?xml version="1.0" encoding="UTF-8"?>
<!-- Generated by org.testng.reporters.JUnitReportReporter -->
<testsuite hostname="SHRADDHA" name="ebaypackage.AppiumCapabilities" tests="1" failures="0" timestamp="4 Jun 2018 14:36:15 GMT" time="0.004" errors="0">
  <testcase name="f" time="0.004" classname="ebaypackage.AppiumCapabilities"/>
</testsuite> <!-- ebaypackage.AppiumCapabilities -->
