<?xml version="1.0" encoding="UTF-8"?>
<!-- Generated by org.testng.reporters.JUnitReportReporter -->
<testsuite hostname="SHRADDHA" name="ebaypackage.EbayExecution" tests="4" failures="0" timestamp="4 Jun 2018 21:29:56 GMT" time="54.145" errors="0">
  <testcase name="ebaySummary" time="0.000" classname="ebaypackage.EbayExecution"/>
  <testcase name="ebayReview" time="0.016" classname="ebaypackage.EbayExecution"/>
  <testcase name="ebayHome" time="54.129" classname="ebaypackage.EbayExecution"/>
  <testcase name="ebayLogin" time="0.000" classname="ebaypackage.EbayExecution"/>
</testsuite> <!-- ebaypackage.EbayExecution -->
